  main.cpp
C:\Users\Fouzi\source\repos\AlignCPP\AlignFX_reworked\PreProcessing.hpp(10,6): error C2084: function 'void removeAllDigits(std::string &)' already has a body
C:\Users\Fouzi\source\repos\AlignCPP\AlignFX_reworked\PreProcessing.hpp(10,6): message : see previous definition of 'removeAllDigits'
C:\Users\Fouzi\source\repos\AlignCPP\AlignFX_reworked\PreProcessing.hpp(18,6): error C2084: function 'void toLowerString(std::string &)' already has a body
C:\Users\Fouzi\source\repos\AlignCPP\AlignFX_reworked\PreProcessing.hpp(18,6): message : see previous definition of 'toLowerString'
C:\Users\Fouzi\source\repos\AlignCPP\AlignFX_reworked\PreProcessing.hpp(26,6): error C2084: function 'void preProcessString(std::string &)' already has a body
C:\Users\Fouzi\source\repos\AlignCPP\AlignFX_reworked\PreProcessing.hpp(26,6): message : see previous definition of 'preProcessString'
C:\Users\Fouzi\source\repos\AlignCPP\AlignFX_reworked\PreProcessing.hpp(28,2): error C2065: 'toLowerString': undeclared identifier
C:\Users\Fouzi\source\repos\AlignCPP\AlignFX_reworked\PreProcessing.hpp(37,2): error C2065: 'removeAllDigits': undeclared identifier
C:\Users\Fouzi\source\repos\AlignCPP\AlignFX_reworked\PreProcessing.hpp(41,6): error C2084: function 'void preProcessArrayString(std::vector<std::string,std::allocator<std::string>> &)' already has a body
C:\Users\Fouzi\source\repos\AlignCPP\AlignFX_reworked\PreProcessing.hpp(41,6): message : see previous definition of 'preProcessArrayString'
C:\Users\Fouzi\source\repos\AlignCPP\AlignFX_reworked\PreProcessing.hpp(44,3): error C2065: 'preProcessString': undeclared identifier
C:\Users\Fouzi\source\repos\AlignCPP\AlignFX_reworked\PreProcessing.hpp(48,6): error C2084: function 'void removeDuplicates(std::vector<std::string,std::allocator<std::string>> &)' already has a body
C:\Users\Fouzi\source\repos\AlignCPP\AlignFX_reworked\PreProcessing.hpp(48,6): message : see previous definition of 'removeDuplicates'
C:\Users\Fouzi\source\repos\AlignCPP\AlignFX_reworked\AlgebricOperations.hpp(11,2): error C2065: 'removeDuplicates': undeclared identifier
C:\Users\Fouzi\source\repos\AlignCPP\AlignFX_reworked\MappingRelationship.hpp(9,17): warning C4566: character represented by universal-character-name '\u2286' cannot be represented in the current code page (1252)
C:\Users\Fouzi\source\repos\AlignCPP\AlignFX_reworked\MappingRelationship.hpp(3,32): error C2011: 'MappingRelationship': 'enum' type redefinition
C:\Users\Fouzi\source\repos\AlignCPP\AlignFX_reworked\MappingRelationship.hpp(3,12): message : see declaration of 'MappingRelationship'
C:\Users\Fouzi\source\repos\AlignCPP\AlignFX_reworked\MappingRelationship.hpp(9,17): warning C4566: character represented by universal-character-name '\u2286' cannot be represented in the current code page (1252)
C:\Users\Fouzi\source\repos\AlignCPP\AlignFX_reworked\Mapping.hpp(4,15): error C2011: 'Mapping': 'class' type redefinition
C:\Users\Fouzi\source\repos\AlignCPP\AlignFX_reworked\Mapping.hpp(4,7): message : see declaration of 'Mapping'
C:\Users\Fouzi\source\repos\AlignCPP\AlignFX_reworked\Mapping.hpp(26,10): error C2027: use of undefined type 'Mapping'
C:\Users\Fouzi\source\repos\AlignCPP\AlignFX_reworked\Mapping.hpp(4,7): message : see declaration of 'Mapping'
C:\Users\Fouzi\source\repos\AlignCPP\AlignFX_reworked\Mapping.hpp(26,20): error C4430: missing type specifier - int assumed. Note: C++ does not support default-int
C:\Users\Fouzi\source\repos\AlignCPP\AlignFX_reworked\Mapping.hpp(27,2): error C2065: 'conceptA': undeclared identifier
C:\Users\Fouzi\source\repos\AlignCPP\AlignFX_reworked\Mapping.hpp(28,2): error C2065: 'conceptB': undeclared identifier
C:\Users\Fouzi\source\repos\AlignCPP\AlignFX_reworked\Mapping.hpp(29,2): error C2065: 'similarity': undeclared identifier
C:\Users\Fouzi\source\repos\AlignCPP\AlignFX_reworked\Mapping.hpp(31,1): warning C4508: '{ctor}': function should return a value; 'void' return type assumed
C:\Users\Fouzi\source\repos\AlignCPP\AlignFX_reworked\Mapping.hpp(32,10): error C2027: use of undefined type 'Mapping'
C:\Users\Fouzi\source\repos\AlignCPP\AlignFX_reworked\Mapping.hpp(4,7): message : see declaration of 'Mapping'
C:\Users\Fouzi\source\repos\AlignCPP\AlignFX_reworked\Mapping.hpp(32,119): error C4430: missing type specifier - int assumed. Note: C++ does not support default-int
C:\Users\Fouzi\source\repos\AlignCPP\AlignFX_reworked\Mapping.hpp(33,2): error C2065: 'conceptA': undeclared identifier
C:\Users\Fouzi\source\repos\AlignCPP\AlignFX_reworked\Mapping.hpp(34,2): error C2065: 'conceptB': undeclared identifier
C:\Users\Fouzi\source\repos\AlignCPP\AlignFX_reworked\Mapping.hpp(35,2): error C2065: 'similarity': undeclared identifier
C:\Users\Fouzi\source\repos\AlignCPP\AlignFX_reworked\Mapping.hpp(36,2): error C2065: 'mappingRs': undeclared identifier
C:\Users\Fouzi\source\repos\AlignCPP\AlignFX_reworked\Mapping.hpp(37,1): warning C4508: '{ctor}': function should return a value; 'void' return type assumed
C:\Users\Fouzi\source\repos\AlignCPP\AlignFX_reworked\Mapping.hpp(40,15): error C2027: use of undefined type 'Mapping'
C:\Users\Fouzi\source\repos\AlignCPP\AlignFX_reworked\Mapping.hpp(4,7): message : see declaration of 'Mapping'
C:\Users\Fouzi\source\repos\AlignCPP\AlignFX_reworked\Mapping.hpp(41,2): error C2065: 'conceptA': undeclared identifier
C:\Users\Fouzi\source\repos\AlignCPP\AlignFX_reworked\Mapping.hpp(45,15): error C2027: use of undefined type 'Mapping'
C:\Users\Fouzi\source\repos\AlignCPP\AlignFX_reworked\Mapping.hpp(4,7): message : see declaration of 'Mapping'
C:\Users\Fouzi\source\repos\AlignCPP\AlignFX_reworked\Mapping.hpp(46,2): error C2065: 'conceptB': undeclared identifier
C:\Users\Fouzi\source\repos\AlignCPP\AlignFX_reworked\Mapping.hpp(50,15): error C2027: use of undefined type 'Mapping'
C:\Users\Fouzi\source\repos\AlignCPP\AlignFX_reworked\Mapping.hpp(4,7): message : see declaration of 'Mapping'
C:\Users\Fouzi\source\repos\AlignCPP\AlignFX_reworked\Mapping.hpp(51,2): error C2065: 'similarity': undeclared identifier
C:\Users\Fouzi\source\repos\AlignCPP\AlignFX_reworked\Mapping.hpp(54,15): error C2027: use of undefined type 'Mapping'
C:\Users\Fouzi\source\repos\AlignCPP\AlignFX_reworked\Mapping.hpp(4,7): message : see declaration of 'Mapping'
C:\Users\Fouzi\source\repos\AlignCPP\AlignFX_reworked\Mapping.hpp(55,2): error C2065: 'mappingRs': undeclared identifier
C:\Users\Fouzi\source\repos\AlignCPP\AlignFX_reworked\Mapping.hpp(55,14): error C2065: 'mappingRs': undeclared identifier
C:\Users\Fouzi\source\repos\AlignCPP\AlignFX_reworked\Mapping.hpp(59,22): error C2027: use of undefined type 'Mapping'
C:\Users\Fouzi\source\repos\AlignCPP\AlignFX_reworked\Mapping.hpp(4,7): message : see declaration of 'Mapping'
C:\Users\Fouzi\source\repos\AlignCPP\AlignFX_reworked\Mapping.hpp(60,9): error C2065: 'conceptA': undeclared identifier
C:\Users\Fouzi\source\repos\AlignCPP\AlignFX_reworked\Mapping.hpp(63,22): error C2027: use of undefined type 'Mapping'
C:\Users\Fouzi\source\repos\AlignCPP\AlignFX_reworked\Mapping.hpp(4,7): message : see declaration of 'Mapping'
C:\Users\Fouzi\source\repos\AlignCPP\AlignFX_reworked\Mapping.hpp(64,9): error C2065: 'conceptB': undeclared identifier
C:\Users\Fouzi\source\repos\AlignCPP\AlignFX_reworked\Mapping.hpp(67,16): error C2027: use of undefined type 'Mapping'
C:\Users\Fouzi\source\repos\AlignCPP\AlignFX_reworked\Mapping.hpp(4,7): message : see declaration of 'Mapping'
C:\Users\Fouzi\source\repos\AlignCPP\AlignFX_reworked\Mapping.hpp(68,9): error C2065: 'similarity': undeclared identifier
C:\Users\Fouzi\source\repos\AlignCPP\AlignFX_reworked\Mapping.hpp(71,30): error C2027: use of undefined type 'Mapping'
C:\Users\Fouzi\source\repos\AlignCPP\AlignFX_reworked\Mapping.hpp(4,7): message : see declaration of 'Mapping'
C:\Users\Fouzi\source\repos\AlignCPP\AlignFX_reworked\Mapping.hpp(72,9): error C2065: 'mappingRs': undeclared identifier
C:\Users\Fouzi\source\repos\AlignCPP\AlignFX_reworked\Mapping.hpp(75,15): error C2027: use of undefined type 'Mapping'
C:\Users\Fouzi\source\repos\AlignCPP\AlignFX_reworked\Mapping.hpp(4,7): message : see declaration of 'Mapping'
C:\Users\Fouzi\source\repos\AlignCPP\AlignFX_reworked\Mapping.hpp(76,13): error C2065: 'conceptA': undeclared identifier
C:\Users\Fouzi\source\repos\AlignCPP\AlignFX_reworked\Mapping.hpp(76,34): error C2065: 'mappingRs': undeclared identifier
C:\Users\Fouzi\source\repos\AlignCPP\AlignFX_reworked\Mapping.hpp(76,50): error C2065: 'conceptB': undeclared identifier
C:\Users\Fouzi\source\repos\AlignCPP\AlignFX_reworked\Mapping.hpp(76,67): error C2065: 'similarity': undeclared identifier
C:\Users\Fouzi\source\repos\AlignCPP\AlignFX_reworked\ClassInstanceMapping.hpp(5,28): error C2011: 'ClassInstanceMapping': 'class' type redefinition
C:\Users\Fouzi\source\repos\AlignCPP\AlignFX_reworked\ClassInstanceMapping.hpp(5,7): message : see declaration of 'ClassInstanceMapping'
C:\Users\Fouzi\source\repos\AlignCPP\AlignFX_reworked\ClassInstanceMapping.hpp(23,28): error C2027: use of undefined type 'ClassInstanceMapping'
C:\Users\Fouzi\source\repos\AlignCPP\AlignFX_reworked\ClassInstanceMapping.hpp(5,7): message : see declaration of 'ClassInstanceMapping'
C:\Users\Fouzi\source\repos\AlignCPP\AlignFX_reworked\ClassInstanceMapping.hpp(24,2): error C2065: 'concept': undeclared identifier
C:\Users\Fouzi\source\repos\AlignCPP\AlignFX_reworked\ClassInstanceMapping.hpp(27,28): error C2027: use of undefined type 'ClassInstanceMapping'
C:\Users\Fouzi\source\repos\AlignCPP\AlignFX_reworked\ClassInstanceMapping.hpp(5,7): message : see declaration of 'ClassInstanceMapping'
C:\Users\Fouzi\source\repos\AlignCPP\AlignFX_reworked\ClassInstanceMapping.hpp(28,2): error C2065: 'instances': undeclared identifier
C:\Users\Fouzi\source\repos\AlignCPP\AlignFX_reworked\ClassInstanceMapping.hpp(31,35): error C2027: use of undefined type 'ClassInstanceMapping'
C:\Users\Fouzi\source\repos\AlignCPP\AlignFX_reworked\ClassInstanceMapping.hpp(5,7): message : see declaration of 'ClassInstanceMapping'
C:\Users\Fouzi\source\repos\AlignCPP\AlignFX_reworked\ClassInstanceMapping.hpp(32,9): error C2065: 'concept': undeclared identifier
C:\Users\Fouzi\source\repos\AlignCPP\AlignFX_reworked\ClassInstanceMapping.hpp(35,48): error C2027: use of undefined type 'ClassInstanceMapping'
C:\Users\Fouzi\source\repos\AlignCPP\AlignFX_reworked\ClassInstanceMapping.hpp(5,7): message : see declaration of 'ClassInstanceMapping'
C:\Users\Fouzi\source\repos\AlignCPP\AlignFX_reworked\ClassInstanceMapping.hpp(36,9): error C2065: 'instances': undeclared identifier
C:\Users\Fouzi\source\repos\AlignCPP\AlignFX_reworked\PreProcessing.hpp(28,2): error C2065: 'toLowerString': undeclared identifier
C:\Users\Fouzi\source\repos\AlignCPP\AlignFX_reworked\PreProcessing.hpp(37,2): error C2065: 'removeAllDigits': undeclared identifier
C:\Users\Fouzi\source\repos\AlignCPP\AlignFX_reworked\PreProcessing.hpp(44,3): error C2065: 'preProcessString': undeclared identifier
C:\Users\Fouzi\source\repos\AlignCPP\AlignFX_reworked\PreProcessing.hpp(28,2): error C2065: 'toLowerString': undeclared identifier
C:\Users\Fouzi\source\repos\AlignCPP\AlignFX_reworked\PreProcessing.hpp(37,2): error C2065: 'removeAllDigits': undeclared identifier
C:\Users\Fouzi\source\repos\AlignCPP\AlignFX_reworked\PreProcessing.hpp(44,3): error C2065: 'preProcessString': undeclared identifier
C:\Users\Fouzi\source\repos\AlignCPP\AlignFX_reworked\AlgebricOperations.hpp(6,26): error C2084: function 'std::vector<std::string,std::allocator<std::string>> union_Of(std::vector<std::string,std::allocator<std::string>>,std::vector<std::string,std::allocator<std::string>>)' already has a body
C:\Users\Fouzi\source\repos\AlignCPP\AlignFX_reworked\AlgebricOperations.hpp(6,26): message : see previous definition of 'union_Of'
C:\Users\Fouzi\source\repos\AlignCPP\AlignFX_reworked\AlgebricOperations.hpp(11,2): error C2065: 'removeDuplicates': undeclared identifier
C:\Users\Fouzi\source\repos\AlignCPP\AlignFX_reworked\AlgebricOperations.hpp(17,26): error C2084: function 'std::vector<std::string,std::allocator<std::string>> intersection_Of(std::vector<std::string,std::allocator<std::string>>,std::vector<std::string,std::allocator<std::string>>)' already has a body
C:\Users\Fouzi\source\repos\AlignCPP\AlignFX_reworked\AlgebricOperations.hpp(17,26): message : see previous definition of 'intersection_Of'
C:\Users\Fouzi\source\repos\AlignCPP\AlignFX_reworked\SimilarityMethods.hpp(12,11): error C2079: 'map' uses undefined class 'Mapping'
C:\Users\Fouzi\source\repos\AlignCPP\AlignFX_reworked\SimilarityMethods.hpp(13,27): error C2027: use of undefined type 'ClassInstanceMapping'
C:\Users\Fouzi\source\repos\AlignCPP\AlignFX_reworked\ClassInstanceMapping.hpp(5,7): message : see declaration of 'ClassInstanceMapping'
C:\Users\Fouzi\source\repos\AlignCPP\AlignFX_reworked\SimilarityMethods.hpp(15,3): error C2065: 'preProcessString': undeclared identifier
C:\Users\Fouzi\source\repos\AlignCPP\AlignFX_reworked\SimilarityMethods.hpp(21,30): error C2027: use of undefined type 'ClassInstanceMapping'
C:\Users\Fouzi\source\repos\AlignCPP\AlignFX_reworked\ClassInstanceMapping.hpp(5,7): message : see declaration of 'ClassInstanceMapping'
C:\Users\Fouzi\source\repos\AlignCPP\AlignFX_reworked\SimilarityMethods.hpp(23,36): error C2027: use of undefined type 'ClassInstanceMapping'
C:\Users\Fouzi\source\repos\AlignCPP\AlignFX_reworked\ClassInstanceMapping.hpp(5,7): message : see declaration of 'ClassInstanceMapping'
C:\Users\Fouzi\source\repos\AlignCPP\AlignFX_reworked\SimilarityMethods.hpp(23,60): error C2027: use of undefined type 'ClassInstanceMapping'
C:\Users\Fouzi\source\repos\AlignCPP\AlignFX_reworked\ClassInstanceMapping.hpp(5,7): message : see declaration of 'ClassInstanceMapping'
C:\Users\Fouzi\source\repos\AlignCPP\AlignFX_reworked\SimilarityMethods.hpp(23,13): error C2065: 'intersection_Of': undeclared identifier
C:\Users\Fouzi\source\repos\AlignCPP\AlignFX_reworked\SimilarityMethods.hpp(24,29): error C2027: use of undefined type 'ClassInstanceMapping'
C:\Users\Fouzi\source\repos\AlignCPP\AlignFX_reworked\ClassInstanceMapping.hpp(5,7): message : see declaration of 'ClassInstanceMapping'
C:\Users\Fouzi\source\repos\AlignCPP\AlignFX_reworked\SimilarityMethods.hpp(24,53): error C2027: use of undefined type 'ClassInstanceMapping'
C:\Users\Fouzi\source\repos\AlignCPP\AlignFX_reworked\ClassInstanceMapping.hpp(5,7): message : see declaration of 'ClassInstanceMapping'
C:\Users\Fouzi\source\repos\AlignCPP\AlignFX_reworked\SimilarityMethods.hpp(24,13): error C2065: 'union_Of': undeclared identifier
C:\Users\Fouzi\source\repos\AlignCPP\AlignFX_reworked\SimilarityMethods.hpp(29,49): error C2027: use of undefined type 'MappingRelationship'
C:\Users\Fouzi\source\repos\AlignCPP\AlignFX_reworked\MappingRelationship.hpp(3,12): message : see declaration of 'MappingRelationship'
C:\Users\Fouzi\source\repos\AlignCPP\AlignFX_reworked\SimilarityMethods.hpp(29,60): error C2065: 'EQUIVALENCE': undeclared identifier
C:\Users\Fouzi\source\repos\AlignCPP\AlignFX_reworked\SimilarityMethods.hpp(34,9): error C2665: 'std::vector<Mapping,std::allocator<Mapping>>::insert': no overloaded function could convert all the argument types
C:\Program Files\Microsoft Visual Studio\2022\Community\VC\Tools\MSVC\14.35.32215\include\vector(1343,27): message : could be 'std::_Vector_iterator<std::_Vector_val<std::_Simple_types<_Ty>>> std::vector<_Ty,std::allocator<_Ty>>::insert(std::_Vector_const_iterator<std::_Vector_val<std::_Simple_types<_Ty>>>,std::initializer_list<_Ty>)'
          with
          [
              _Ty=Mapping
          ]
C:\Users\Fouzi\source\repos\AlignCPP\AlignFX_reworked\SimilarityMethods.hpp(34,9): message : 'std::_Vector_iterator<std::_Vector_val<std::_Simple_types<_Ty>>> std::vector<_Ty,std::allocator<_Ty>>::insert(std::_Vector_const_iterator<std::_Vector_val<std::_Simple_types<_Ty>>>,std::initializer_list<_Ty>)': cannot convert argument 2 from 'int' to 'std::initializer_list<_Ty>'
          with
          [
              _Ty=Mapping
          ]
C:\Users\Fouzi\source\repos\AlignCPP\AlignFX_reworked\SimilarityMethods.hpp(34,31): message : No constructor could take the source type, or constructor overload resolution was ambiguous
C:\Program Files\Microsoft Visual Studio\2022\Community\VC\Tools\MSVC\14.35.32215\include\vector(1069,27): message : or       'std::_Vector_iterator<std::_Vector_val<std::_Simple_types<_Ty>>> std::vector<_Ty,std::allocator<_Ty>>::insert(std::_Vector_const_iterator<std::_Vector_val<std::_Simple_types<_Ty>>>,_Ty &&)'
          with
          [
              _Ty=Mapping
          ]
C:\Users\Fouzi\source\repos\AlignCPP\AlignFX_reworked\SimilarityMethods.hpp(34,9): message : 'std::_Vector_iterator<std::_Vector_val<std::_Simple_types<_Ty>>> std::vector<_Ty,std::allocator<_Ty>>::insert(std::_Vector_const_iterator<std::_Vector_val<std::_Simple_types<_Ty>>>,_Ty &&)': cannot convert argument 2 from 'int' to '_Ty &&'
          with
          [
              _Ty=Mapping
          ]
C:\Users\Fouzi\source\repos\AlignCPP\AlignFX_reworked\SimilarityMethods.hpp(34,31): message : Reason: cannot convert from 'int' to '_Ty'
          with
          [
              _Ty=Mapping
          ]
C:\Users\Fouzi\source\repos\AlignCPP\AlignFX_reworked\SimilarityMethods.hpp(34,31): message : use of undefined type 'Mapping'
C:\Users\Fouzi\source\repos\AlignCPP\AlignFX_reworked\Mapping.hpp(4,7): message : see declaration of 'Mapping'
C:\Program Files\Microsoft Visual Studio\2022\Community\VC\Tools\MSVC\14.35.32215\include\vector(1065,27): message : or       'std::_Vector_iterator<std::_Vector_val<std::_Simple_types<_Ty>>> std::vector<_Ty,std::allocator<_Ty>>::insert(std::_Vector_const_iterator<std::_Vector_val<std::_Simple_types<_Ty>>>,const _Ty &)'
          with
          [
              _Ty=Mapping
          ]
C:\Users\Fouzi\source\repos\AlignCPP\AlignFX_reworked\SimilarityMethods.hpp(34,9): message : 'std::_Vector_iterator<std::_Vector_val<std::_Simple_types<_Ty>>> std::vector<_Ty,std::allocator<_Ty>>::insert(std::_Vector_const_iterator<std::_Vector_val<std::_Simple_types<_Ty>>>,const _Ty &)': cannot convert argument 2 from 'int' to 'const _Ty &'
          with
          [
              _Ty=Mapping
          ]
C:\Users\Fouzi\source\repos\AlignCPP\AlignFX_reworked\SimilarityMethods.hpp(34,31): message : Reason: cannot convert from 'int' to 'const _Ty'
          with
          [
              _Ty=Mapping
          ]
C:\Users\Fouzi\source\repos\AlignCPP\AlignFX_reworked\SimilarityMethods.hpp(34,31): message : use of undefined type 'Mapping'
C:\Users\Fouzi\source\repos\AlignCPP\AlignFX_reworked\Mapping.hpp(4,7): message : see declaration of 'Mapping'
C:\Program Files\Microsoft Visual Studio\2022\Community\VC\Tools\MSVC\14.35.32215\include\vector(1289,27): message : or       'std::_Vector_iterator<std::_Vector_val<std::_Simple_types<_Ty>>> std::vector<_Ty,std::allocator<_Ty>>::insert(std::_Vector_const_iterator<std::_Vector_val<std::_Simple_types<_Ty>>>,_Iter,_Iter)'
          with
          [
              _Ty=Mapping
          ]
C:\Users\Fouzi\source\repos\AlignCPP\AlignFX_reworked\SimilarityMethods.hpp(34,9): message : 'std::_Vector_iterator<std::_Vector_val<std::_Simple_types<_Ty>>> std::vector<_Ty,std::allocator<_Ty>>::insert(std::_Vector_const_iterator<std::_Vector_val<std::_Simple_types<_Ty>>>,_Iter,_Iter)': expects 3 arguments - 2 provided
          with
          [
              _Ty=Mapping
          ]
C:\Users\Fouzi\source\repos\AlignCPP\AlignFX_reworked\SimilarityMethods.hpp(34,9): message : while trying to match the argument list '(std::_Vector_iterator<std::_Vector_val<std::_Simple_types<_Ty>>>, int)'
          with
          [
              _Ty=Mapping
          ]
C:\Users\Fouzi\source\repos\AlignCPP\AlignFX_reworked\main.cpp(15,23): error C2079: 'cl1' uses undefined class 'ClassInstanceMapping'
C:\Users\Fouzi\source\repos\AlignCPP\AlignFX_reworked\main.cpp(19,41): error C2398: Element '1': conversion from 'int' to 'const unsigned __int64' requires a narrowing conversion
